
*** Running vivado
    with args -log TP2_wrapper.vdi -applog -m64 -messageDb vivado.pb -mode batch -source TP2_wrapper.tcl -notrace


****** Vivado v2014.2 (64-bit)
  **** SW Build 932637 on Wed Jun 11 13:33:10 MDT 2014
  **** IP Build 924643 on Fri May 30 09:20:16 MDT 2014
    ** Copyright 1986-2014 Xilinx, Inc. All Rights Reserved.

source TP2_wrapper.tcl -notrace
Design is defaulting to srcset: sources_1
Design is defaulting to constrset: constrs_1
INFO: [Netlist 29-17] Analyzing 182 Unisim elements for replacement
INFO: [Netlist 29-28] Unisim Transformation completed in 0 CPU seconds
INFO: [Project 1-479] Netlist was created with Vivado 2014.2
Loading clock regions from C:/Xilinx/Vivado/2014.2/data\parts/xilinx/artix7/artix7/xc7a100t/ClockRegion.xml
Loading clock buffers from C:/Xilinx/Vivado/2014.2/data\parts/xilinx/artix7/artix7/xc7a100t/ClockBuffers.xml
Loading clock placement rules from C:/Xilinx/Vivado/2014.2/data/parts/xilinx/artix7/ClockPlacerRules.xml
Loading package pin functions from C:/Xilinx/Vivado/2014.2/data\parts/xilinx/artix7/PinFunctions.xml...
Loading package from C:/Xilinx/Vivado/2014.2/data\parts/xilinx/artix7/artix7/xc7a100t/csg324/Package.xml
Loading io standards from C:/Xilinx/Vivado/2014.2/data\./parts/xilinx/artix7/IOStandards.xml
Loading device configuration modes from C:/Xilinx/Vivado/2014.2/data\parts/xilinx/artix7/ConfigModes.xml
INFO: [Opt 31-140] Inserted 0 IBUFs to IO ports without IO buffers.
INFO: [Opt 31-141] Inserted 0 OBUFs to IO ports without IO buffers.
Parsing XDC File [c:/Users/3502859/TP/TP3.srcs/sources_1/bd/TP2/ip/TP2_microblaze_0_0/TP2_microblaze_0_0.xdc] for cell 'TP2_i/microblaze_0/U0'
Finished Parsing XDC File [c:/Users/3502859/TP/TP3.srcs/sources_1/bd/TP2/ip/TP2_microblaze_0_0/TP2_microblaze_0_0.xdc] for cell 'TP2_i/microblaze_0/U0'
Parsing XDC File [c:/Users/3502859/TP/TP3.srcs/sources_1/bd/TP2/ip/TP2_dlmb_v10_0/TP2_dlmb_v10_0.xdc] for cell 'TP2_i/microblaze_0_local_memory/dlmb_v10/U0'
Finished Parsing XDC File [c:/Users/3502859/TP/TP3.srcs/sources_1/bd/TP2/ip/TP2_dlmb_v10_0/TP2_dlmb_v10_0.xdc] for cell 'TP2_i/microblaze_0_local_memory/dlmb_v10/U0'
Parsing XDC File [c:/Users/3502859/TP/TP3.srcs/sources_1/bd/TP2/ip/TP2_ilmb_v10_0/TP2_ilmb_v10_0.xdc] for cell 'TP2_i/microblaze_0_local_memory/ilmb_v10/U0'
Finished Parsing XDC File [c:/Users/3502859/TP/TP3.srcs/sources_1/bd/TP2/ip/TP2_ilmb_v10_0/TP2_ilmb_v10_0.xdc] for cell 'TP2_i/microblaze_0_local_memory/ilmb_v10/U0'
Parsing XDC File [c:/Users/3502859/TP/TP3.srcs/sources_1/bd/TP2/ip/TP2_microblaze_0_axi_intc_0/TP2_microblaze_0_axi_intc_0.xdc] for cell 'TP2_i/microblaze_0_axi_intc/U0'
Finished Parsing XDC File [c:/Users/3502859/TP/TP3.srcs/sources_1/bd/TP2/ip/TP2_microblaze_0_axi_intc_0/TP2_microblaze_0_axi_intc_0.xdc] for cell 'TP2_i/microblaze_0_axi_intc/U0'
Parsing XDC File [c:/Users/3502859/TP/TP3.srcs/sources_1/bd/TP2/ip/TP2_mdm_1_0/TP2_mdm_1_0.xdc] for cell 'TP2_i/mdm_1/U0'
INFO: [Timing 38-35] Done setting XDC timing constraints. [c:/Users/3502859/TP/TP3.srcs/sources_1/bd/TP2/ip/TP2_mdm_1_0/TP2_mdm_1_0.xdc:50]
get_clocks: Time (s): cpu = 00:00:12 ; elapsed = 00:00:12 . Memory (MB): peak = 908.336 ; gain = 418.270
Finished Parsing XDC File [c:/Users/3502859/TP/TP3.srcs/sources_1/bd/TP2/ip/TP2_mdm_1_0/TP2_mdm_1_0.xdc] for cell 'TP2_i/mdm_1/U0'
Parsing XDC File [c:/Users/3502859/TP/TP3.srcs/sources_1/bd/TP2/ip/TP2_clk_wiz_1_0/TP2_clk_wiz_1_0.xdc] for cell 'TP2_i/clk_wiz_1/U0'
INFO: [Timing 38-2] Deriving generated clocks [c:/Users/3502859/TP/TP3.srcs/sources_1/bd/TP2/ip/TP2_clk_wiz_1_0/TP2_clk_wiz_1_0.xdc:56]
Finished Parsing XDC File [c:/Users/3502859/TP/TP3.srcs/sources_1/bd/TP2/ip/TP2_clk_wiz_1_0/TP2_clk_wiz_1_0.xdc] for cell 'TP2_i/clk_wiz_1/U0'
Parsing XDC File [c:/Users/3502859/TP/TP3.srcs/sources_1/bd/TP2/ip/TP2_clk_wiz_1_0/TP2_clk_wiz_1_0_board.xdc] for cell 'TP2_i/clk_wiz_1/U0'
Finished Parsing XDC File [c:/Users/3502859/TP/TP3.srcs/sources_1/bd/TP2/ip/TP2_clk_wiz_1_0/TP2_clk_wiz_1_0_board.xdc] for cell 'TP2_i/clk_wiz_1/U0'
Parsing XDC File [c:/Users/3502859/TP/TP3.srcs/sources_1/bd/TP2/ip/TP2_rst_clk_wiz_1_100M_0/TP2_rst_clk_wiz_1_100M_0.xdc] for cell 'TP2_i/rst_clk_wiz_1_100M'
Finished Parsing XDC File [c:/Users/3502859/TP/TP3.srcs/sources_1/bd/TP2/ip/TP2_rst_clk_wiz_1_100M_0/TP2_rst_clk_wiz_1_100M_0.xdc] for cell 'TP2_i/rst_clk_wiz_1_100M'
Parsing XDC File [c:/Users/3502859/TP/TP3.srcs/sources_1/bd/TP2/ip/TP2_rst_clk_wiz_1_100M_0/TP2_rst_clk_wiz_1_100M_0_board.xdc] for cell 'TP2_i/rst_clk_wiz_1_100M'
Finished Parsing XDC File [c:/Users/3502859/TP/TP3.srcs/sources_1/bd/TP2/ip/TP2_rst_clk_wiz_1_100M_0/TP2_rst_clk_wiz_1_100M_0_board.xdc] for cell 'TP2_i/rst_clk_wiz_1_100M'
Parsing XDC File [c:/Users/3502859/TP/TP3.srcs/sources_1/bd/TP2/ip/TP2_axi_gpio_0_1/TP2_axi_gpio_0_1.xdc] for cell 'TP2_i/sw/U0'
Finished Parsing XDC File [c:/Users/3502859/TP/TP3.srcs/sources_1/bd/TP2/ip/TP2_axi_gpio_0_1/TP2_axi_gpio_0_1.xdc] for cell 'TP2_i/sw/U0'
Parsing XDC File [c:/Users/3502859/TP/TP3.srcs/sources_1/bd/TP2/ip/TP2_axi_gpio_0_1/TP2_axi_gpio_0_1_board.xdc] for cell 'TP2_i/sw/U0'
Finished Parsing XDC File [c:/Users/3502859/TP/TP3.srcs/sources_1/bd/TP2/ip/TP2_axi_gpio_0_1/TP2_axi_gpio_0_1_board.xdc] for cell 'TP2_i/sw/U0'
Parsing XDC File [C:/Users/3502859/TP/TP3.srcs/constrs_1/imports/Fichiers XDC/Nexys4DDR_Master.xdc]
Finished Parsing XDC File [C:/Users/3502859/TP/TP3.srcs/constrs_1/imports/Fichiers XDC/Nexys4DDR_Master.xdc]
Parsing XDC File [c:/Users/3502859/TP/TP3.srcs/sources_1/bd/TP2/ip/TP2_microblaze_0_axi_intc_0/TP2_microblaze_0_axi_intc_0_clocks.xdc] for cell 'TP2_i/microblaze_0_axi_intc/U0'
Finished Parsing XDC File [c:/Users/3502859/TP/TP3.srcs/sources_1/bd/TP2/ip/TP2_microblaze_0_axi_intc_0/TP2_microblaze_0_axi_intc_0_clocks.xdc] for cell 'TP2_i/microblaze_0_axi_intc/U0'
INFO: [Opt 31-138] Pushed 0 inverter(s) to 0 load pin(s).
Generating merged BMM file for the design top 'TP2_wrapper'...
INFO: [Memdata 28-144] Successfully populated the BRAM INIT strings from the following elf files: c:/Users/3502859/TP/TP3.srcs/sources_1/ipshared/xilinx.com/microblaze_v9_3/62751c34/data/mb_bootloop_le.elf 

INFO: [Project 1-111] Unisim Transformation Summary:
  A total of 128 instances were transformed.
  LUT6_2 => LUT6_2 (LUT5, LUT6): 80 instances
  RAM16X1D => RAM32X1D (RAMD32, RAMD32): 32 instances
  RAM32M => RAM32M (RAMD32, RAMD32, RAMD32, RAMD32, RAMD32, RAMD32, RAMS32, RAMS32): 16 instances

link_design: Time (s): cpu = 00:00:18 ; elapsed = 00:00:19 . Memory (MB): peak = 918.832 ; gain = 731.195
Command: opt_design
Attempting to get a license for feature 'Implementation' and/or device 'xc7a100t'
INFO: [Common 17-349] Got license for feature 'Implementation' and/or device 'xc7a100t'
Running DRC as a precondition to command opt_design

Starting DRC Task
INFO: [Drc 23-27] Running DRC with 2 threads
INFO: [Project 1-461] DRC finished with 0 Errors
INFO: [Project 1-462] Please refer to the DRC report (report_drc) for more information.

Time (s): cpu = 00:00:00 ; elapsed = 00:00:00.228 . Memory (MB): peak = 918.832 ; gain = 0.000

Starting Logic Optimization Task

Phase 1 Retarget

INFO: [Opt 31-138] Pushed 1 inverter(s) to 1 load pin(s).
INFO: [Opt 31-49] Retargeted 0 cell(s).
Phase 1 Retarget | Checksum: 15a2ed8d8

Time (s): cpu = 00:00:00 ; elapsed = 00:00:00.302 . Memory (MB): peak = 918.832 ; gain = 0.000

Phase 2 Constant Propagation
INFO: [Opt 31-138] Pushed 1 inverter(s) to 45 load pin(s).
INFO: [Opt 31-10] Eliminated 90 cells.
Phase 2 Constant Propagation | Checksum: 1eee74343

Time (s): cpu = 00:00:01 ; elapsed = 00:00:00.923 . Memory (MB): peak = 918.832 ; gain = 0.000

Phase 3 Sweep
WARNING: [Opt 31-6] Deleting driverless net: TP2_i/microblaze_0/U0/MicroBlaze_Core_I/Performance.Data_Flow_I/EX_Op1_Zero.
WARNING: [Opt 31-6] Deleting driverless net: TP2_i/microblaze_0/U0/MicroBlaze_Core_I/Performance.Decode_I/Carry_OUT.
WARNING: [Opt 31-6] Deleting driverless net: TP2_i/microblaze_0/U0/MicroBlaze_Core_I/Performance.Decode_I/EX_Op1_Zero.
INFO: [Opt 31-12] Eliminated 512 unconnected nets.
INFO: [Opt 31-140] Inserted 0 IBUFs to IO ports without IO buffers.
INFO: [Opt 31-141] Inserted 0 OBUFs to IO ports without IO buffers.
INFO: [Opt 31-11] Eliminated 4362 unconnected cells.
Phase 3 Sweep | Checksum: 22993e629

Time (s): cpu = 00:00:02 ; elapsed = 00:00:02 . Memory (MB): peak = 918.832 ; gain = 0.000
Ending Logic Optimization Task | Checksum: 22993e629

Time (s): cpu = 00:00:00 ; elapsed = 00:00:02 . Memory (MB): peak = 918.832 ; gain = 0.000
Implement Debug Cores | Checksum: 145d68847
Logic Optimization | Checksum: 145d68847

Starting Power Optimization Task
INFO: [Pwropt 34-132] Will skip clock gating for clocks with period < 3.13 ns.
INFO: [Pwropt 34-9] Applying IDT optimizations ...
INFO: [Pwropt 34-10] Applying ODC optimizations ...


Starting PowerOpt Patch Enables Task
INFO: [Pwropt 34-162] WRITE_MODE attribute of 0 BRAM(s) out of a total of 8 has been updated to save power.
    Run report_power_opt to get a complete listing of the BRAMs updated.
INFO: [Pwropt 34-201] Structural ODC has moved 0 WE to EN ports
Number of BRAM Ports augmented: 0 newly gated: 0 Total Ports: 16
Ending PowerOpt Patch Enables Task | Checksum: 22993e629

Time (s): cpu = 00:00:00 ; elapsed = 00:00:00.010 . Memory (MB): peak = 988.363 ; gain = 0.000
Ending Power Optimization Task | Checksum: 22993e629

Time (s): cpu = 00:00:00 ; elapsed = 00:00:02 . Memory (MB): peak = 988.363 ; gain = 69.531
INFO: [Common 17-83] Releasing license: Implementation
28 Infos, 3 Warnings, 0 Critical Warnings and 0 Errors encountered.
opt_design completed successfully
Writing XDEF routing.
Writing XDEF routing logical nets.
Writing XDEF routing special nets.
Write XDEF Complete: Time (s): cpu = 00:00:00 ; elapsed = 00:00:00.123 . Memory (MB): peak = 988.363 ; gain = 0.000
Command: place_design
Attempting to get a license for feature 'Implementation' and/or device 'xc7a100t'
INFO: [Common 17-349] Got license for feature 'Implementation' and/or device 'xc7a100t'
Running DRC as a precondition to command place_design
INFO: [Drc 23-27] Running DRC with 2 threads
INFO: [Vivado_Tcl 4-198] DRC finished with 0 Errors
INFO: [Vivado_Tcl 4-199] Please refer to the DRC report (report_drc) for more information.

Starting Placer Task
INFO: [Place 30-611] Multithreading enabled for place_design using a maximum of 2 CPUs

Phase 1 Placer Runtime Estimator
Phase 1 Placer Runtime Estimator | Checksum: 12b042017

Time (s): cpu = 00:00:01 ; elapsed = 00:00:00.053 . Memory (MB): peak = 988.363 ; gain = 0.000

Phase 2 Placer Initialization

Phase 2.1 Placer Initialization Core
Netlist sorting complete. Time (s): cpu = 00:00:00 ; elapsed = 00:00:00.012 . Memory (MB): peak = 988.363 ; gain = 0.000

Phase 2.1.1 Mandatory Logic Optimization
Netlist sorting complete. Time (s): cpu = 00:00:00 ; elapsed = 00:00:00.012 . Memory (MB): peak = 988.363 ; gain = 0.000
Phase 2.1.1 Mandatory Logic Optimization | Checksum: 63cd3d5c

Time (s): cpu = 00:00:01 ; elapsed = 00:00:00.091 . Memory (MB): peak = 988.363 ; gain = 0.000

Phase 2.1.2 Build Super Logic Region (SLR) Database
Phase 2.1.2 Build Super Logic Region (SLR) Database | Checksum: 63cd3d5c

Time (s): cpu = 00:00:01 ; elapsed = 00:00:00.109 . Memory (MB): peak = 988.363 ; gain = 0.000

Phase 2.1.3 Add Constraints
Phase 2.1.3 Add Constraints | Checksum: 63cd3d5c

Time (s): cpu = 00:00:01 ; elapsed = 00:00:00.109 . Memory (MB): peak = 988.363 ; gain = 0.000

Phase 2.1.4 Build Shapes/ HD Config

Phase 2.1.4.1 Build Macros
Phase 2.1.4.1 Build Macros | Checksum: 7c3f8a3c

Time (s): cpu = 00:00:01 ; elapsed = 00:00:00.538 . Memory (MB): peak = 988.363 ; gain = 0.000
Phase 2.1.4 Build Shapes/ HD Config | Checksum: 7c3f8a3c

Time (s): cpu = 00:00:01 ; elapsed = 00:00:00.539 . Memory (MB): peak = 988.363 ; gain = 0.000

Phase 2.1.5 IO Placement/ Clock Placement/ Build Placer Device

Phase 2.1.5.1 Pre-Place Cells
Phase 2.1.5.1 Pre-Place Cells | Checksum: 6338522d

Time (s): cpu = 00:00:01 ; elapsed = 00:00:00.560 . Memory (MB): peak = 988.363 ; gain = 0.000
INFO: [Timing 38-35] Done setting XDC timing constraints.

Phase 2.1.5.2 IO & Clk Clean Up
Phase 2.1.5.2 IO & Clk Clean Up | Checksum: 6338522d

Time (s): cpu = 00:00:02 ; elapsed = 00:00:01 . Memory (MB): peak = 988.363 ; gain = 0.000

Phase 2.1.5.3 Implementation Feasibility check On IDelay
Phase 2.1.5.3 Implementation Feasibility check On IDelay | Checksum: 6338522d

Time (s): cpu = 00:00:02 ; elapsed = 00:00:01 . Memory (MB): peak = 988.363 ; gain = 0.000

Phase 2.1.5.4 Commit IO Placement
Phase 2.1.5.4 Commit IO Placement | Checksum: 9f373aff

Time (s): cpu = 00:00:02 ; elapsed = 00:00:01 . Memory (MB): peak = 988.363 ; gain = 0.000
Phase 2.1.5 IO Placement/ Clock Placement/ Build Placer Device | Checksum: b7a987df

Time (s): cpu = 00:00:02 ; elapsed = 00:00:01 . Memory (MB): peak = 988.363 ; gain = 0.000

Phase 2.1.6 Build Placer Netlist Model

Phase 2.1.6.1 Place Init Design

Phase 2.1.6.1.1 Init Lut Pin Assignment
Phase 2.1.6.1.1 Init Lut Pin Assignment | Checksum: 10987a551

Time (s): cpu = 00:00:02 ; elapsed = 00:00:01 . Memory (MB): peak = 988.363 ; gain = 0.000

Phase 2.1.6.1.2 Build Clock Data
Phase 2.1.6.1.2 Build Clock Data | Checksum: 16e131206

Time (s): cpu = 00:00:06 ; elapsed = 00:00:03 . Memory (MB): peak = 988.363 ; gain = 0.000

Phase 2.1.6.1.3 setBudgets in placeInitDesign
Phase 2.1.6.1.3 setBudgets in placeInitDesign | Checksum: 133d5fa3e

Time (s): cpu = 00:00:06 ; elapsed = 00:00:03 . Memory (MB): peak = 988.363 ; gain = 0.000
Phase 2.1.6.1 Place Init Design | Checksum: 13cf8af91

Time (s): cpu = 00:00:06 ; elapsed = 00:00:03 . Memory (MB): peak = 988.363 ; gain = 0.000
Phase 2.1.6 Build Placer Netlist Model | Checksum: 13cf8af91

Time (s): cpu = 00:00:06 ; elapsed = 00:00:03 . Memory (MB): peak = 988.363 ; gain = 0.000

Phase 2.1.7 Constrain Clocks/Macros

Phase 2.1.7.1 Constrain Global/Regional Clocks
Phase 2.1.7.1 Constrain Global/Regional Clocks | Checksum: 13cf8af91

Time (s): cpu = 00:00:06 ; elapsed = 00:00:03 . Memory (MB): peak = 988.363 ; gain = 0.000
Phase 2.1.7 Constrain Clocks/Macros | Checksum: 13cf8af91

Time (s): cpu = 00:00:06 ; elapsed = 00:00:03 . Memory (MB): peak = 988.363 ; gain = 0.000
Phase 2.1 Placer Initialization Core | Checksum: 13cf8af91

Time (s): cpu = 00:00:06 ; elapsed = 00:00:03 . Memory (MB): peak = 988.363 ; gain = 0.000
Phase 2 Placer Initialization | Checksum: 13cf8af91

Time (s): cpu = 00:00:06 ; elapsed = 00:00:03 . Memory (MB): peak = 988.363 ; gain = 0.000

Phase 3 Global Placement
Phase 3 Global Placement | Checksum: 14e718cac

Time (s): cpu = 00:00:12 ; elapsed = 00:00:07 . Memory (MB): peak = 988.363 ; gain = 0.000

Phase 4 Detail Placement

Phase 4.1 Commit Multi Column Macros
Phase 4.1 Commit Multi Column Macros | Checksum: 14e718cac

Time (s): cpu = 00:00:12 ; elapsed = 00:00:07 . Memory (MB): peak = 988.363 ; gain = 0.000

Phase 4.2 Commit Most Macros & LUTRAMs
Phase 4.2 Commit Most Macros & LUTRAMs | Checksum: 1f87790af

Time (s): cpu = 00:00:13 ; elapsed = 00:00:07 . Memory (MB): peak = 988.363 ; gain = 0.000

Phase 4.3 Area Swap Optimization
Phase 4.3 Area Swap Optimization | Checksum: 1398a1bec

Time (s): cpu = 00:00:13 ; elapsed = 00:00:08 . Memory (MB): peak = 988.363 ; gain = 0.000

Phase 4.4 Timing Path Optimizer
Phase 4.4 Timing Path Optimizer | Checksum: 10e8f27b3

Time (s): cpu = 00:00:13 ; elapsed = 00:00:08 . Memory (MB): peak = 988.363 ; gain = 0.000

Phase 4.5 Commit Small Macros & Core Logic

Phase 4.5.1 setBudgets
Phase 4.5.1 setBudgets | Checksum: 1aabadc03

Time (s): cpu = 00:00:13 ; elapsed = 00:00:08 . Memory (MB): peak = 988.363 ; gain = 0.000
Phase 4.5 Commit Small Macros & Core Logic | Checksum: 18c39d32d

Time (s): cpu = 00:00:15 ; elapsed = 00:00:09 . Memory (MB): peak = 988.363 ; gain = 0.000

Phase 4.6 Re-assign LUT pins
Phase 4.6 Re-assign LUT pins | Checksum: 18c39d32d

Time (s): cpu = 00:00:15 ; elapsed = 00:00:09 . Memory (MB): peak = 988.363 ; gain = 0.000
Phase 4 Detail Placement | Checksum: 18c39d32d

Time (s): cpu = 00:00:15 ; elapsed = 00:00:09 . Memory (MB): peak = 988.363 ; gain = 0.000

Phase 5 Post Placement Optimization and Clean-Up

Phase 5.1 PCOPT Shape updates
Phase 5.1 PCOPT Shape updates | Checksum: 21446cb1b

Time (s): cpu = 00:00:15 ; elapsed = 00:00:09 . Memory (MB): peak = 988.363 ; gain = 0.000

Phase 5.2 Post Placement Optimization

Phase 5.2.1 Post Placement Timing Optimization
INFO: [Place 30-746] Post Placement Timing Summary WNS=2.532. For the most accurate timing information please run report_timing.
Phase 5.2.1 Post Placement Timing Optimization | Checksum: 1669b20c6

Time (s): cpu = 00:00:16 ; elapsed = 00:00:10 . Memory (MB): peak = 988.363 ; gain = 0.000
Phase 5.2 Post Placement Optimization | Checksum: 1669b20c6

Time (s): cpu = 00:00:16 ; elapsed = 00:00:10 . Memory (MB): peak = 988.363 ; gain = 0.000

Phase 5.3 Post Placement Cleanup
Phase 5.3 Post Placement Cleanup | Checksum: 1669b20c6

Time (s): cpu = 00:00:16 ; elapsed = 00:00:10 . Memory (MB): peak = 988.363 ; gain = 0.000

Phase 5.4 Placer Reporting

Phase 5.4.1 Restore STA
Phase 5.4.1 Restore STA | Checksum: 1669b20c6

Time (s): cpu = 00:00:16 ; elapsed = 00:00:10 . Memory (MB): peak = 988.363 ; gain = 0.000
Phase 5.4 Placer Reporting | Checksum: 1669b20c6

Time (s): cpu = 00:00:16 ; elapsed = 00:00:10 . Memory (MB): peak = 988.363 ; gain = 0.000

Phase 5.5 Final Placement Cleanup
Phase 5.5 Final Placement Cleanup | Checksum: f809e7f3

Time (s): cpu = 00:00:16 ; elapsed = 00:00:10 . Memory (MB): peak = 988.363 ; gain = 0.000
Phase 5 Post Placement Optimization and Clean-Up | Checksum: f809e7f3

Time (s): cpu = 00:00:16 ; elapsed = 00:00:10 . Memory (MB): peak = 988.363 ; gain = 0.000
Ending Placer Task | Checksum: f0d988bf

Time (s): cpu = 00:00:00 ; elapsed = 00:00:10 . Memory (MB): peak = 988.363 ; gain = 0.000
INFO: [Common 17-83] Releasing license: Implementation
36 Infos, 3 Warnings, 0 Critical Warnings and 0 Errors encountered.
place_design completed successfully
place_design: Time (s): cpu = 00:00:16 ; elapsed = 00:00:10 . Memory (MB): peak = 988.363 ; gain = 0.000
Writing XDEF routing.
Writing XDEF routing logical nets.
Writing XDEF routing special nets.
Write XDEF Complete: Time (s): cpu = 00:00:00 ; elapsed = 00:00:00.427 . Memory (MB): peak = 988.363 ; gain = 0.000
report_utilization: Time (s): cpu = 00:00:00 ; elapsed = 00:00:00.064 . Memory (MB): peak = 988.363 ; gain = 0.000
Command: route_design
Attempting to get a license for feature 'Implementation' and/or device 'xc7a100t'
INFO: [Common 17-349] Got license for feature 'Implementation' and/or device 'xc7a100t'
Running DRC as a precondition to command route_design
INFO: [Drc 23-27] Running DRC with 2 threads
INFO: [Vivado_Tcl 4-198] DRC finished with 0 Errors
INFO: [Vivado_Tcl 4-199] Please refer to the DRC report (report_drc) for more information.


Starting Routing Task
INFO: [Route 35-254] Multithreading enabled for route_design using a maximum of 2 CPUs

Starting Route Task

Phase 1 Build RT Design
Phase 1 Build RT Design | Checksum: 1124d2049

Time (s): cpu = 00:00:31 ; elapsed = 00:00:27 . Memory (MB): peak = 1109.492 ; gain = 121.129

Phase 2 Router Initialization

Phase 2.1 Create Timer
Phase 2.1 Create Timer | Checksum: 1124d2049

Time (s): cpu = 00:00:31 ; elapsed = 00:00:27 . Memory (MB): peak = 1109.492 ; gain = 121.129
 Number of Nodes with overlaps = 0

Phase 2.2 Update Timing
Phase 2.2 Update Timing | Checksum: 6db003d1

Time (s): cpu = 00:00:33 ; elapsed = 00:00:29 . Memory (MB): peak = 1119.508 ; gain = 131.145
INFO: [Route 35-57] Estimated Timing Summary | WNS=2.53   | TNS=0      | WHS=-0.187 | THS=-38.4  |

Phase 2 Router Initialization | Checksum: 6db003d1

Time (s): cpu = 00:00:34 ; elapsed = 00:00:29 . Memory (MB): peak = 1119.508 ; gain = 131.145

Phase 3 Initial Routing
Phase 3 Initial Routing | Checksum: 135de013d

Time (s): cpu = 00:00:36 ; elapsed = 00:00:30 . Memory (MB): peak = 1133.617 ; gain = 145.254

Phase 4 Rip-up And Reroute

Phase 4.1 Global Iteration 0
 Number of Nodes with overlaps = 408
 Number of Nodes with overlaps = 22
 Number of Nodes with overlaps = 1
 Number of Nodes with overlaps = 0

Phase 4.1.1 Update Timing
Phase 4.1.1 Update Timing | Checksum: 51e00cf9

Time (s): cpu = 00:00:39 ; elapsed = 00:00:32 . Memory (MB): peak = 1133.617 ; gain = 145.254
INFO: [Route 35-57] Estimated Timing Summary | WNS=1.47   | TNS=0      | WHS=N/A    | THS=N/A    |

Phase 4.1 Global Iteration 0 | Checksum: a5a38284

Time (s): cpu = 00:00:39 ; elapsed = 00:00:32 . Memory (MB): peak = 1133.617 ; gain = 145.254
Phase 4 Rip-up And Reroute | Checksum: a5a38284

Time (s): cpu = 00:00:39 ; elapsed = 00:00:32 . Memory (MB): peak = 1133.617 ; gain = 145.254

Phase 5 Delay CleanUp

Phase 5.1 Update Timing
Phase 5.1 Update Timing | Checksum: a5a38284

Time (s): cpu = 00:00:39 ; elapsed = 00:00:32 . Memory (MB): peak = 1133.617 ; gain = 145.254
INFO: [Route 35-57] Estimated Timing Summary | WNS=1.55   | TNS=0      | WHS=N/A    | THS=N/A    |

Phase 5 Delay CleanUp | Checksum: a5a38284

Time (s): cpu = 00:00:39 ; elapsed = 00:00:32 . Memory (MB): peak = 1133.617 ; gain = 145.254

Phase 6 Clock Skew Optimization
Phase 6 Clock Skew Optimization | Checksum: a5a38284

Time (s): cpu = 00:00:39 ; elapsed = 00:00:32 . Memory (MB): peak = 1133.617 ; gain = 145.254

Phase 7 Post Hold Fix

Phase 7.1 Update Timing
Phase 7.1 Update Timing | Checksum: a5a38284

Time (s): cpu = 00:00:40 ; elapsed = 00:00:33 . Memory (MB): peak = 1133.617 ; gain = 145.254
INFO: [Route 35-57] Estimated Timing Summary | WNS=1.55   | TNS=0      | WHS=0.1    | THS=0      |

Phase 7 Post Hold Fix | Checksum: a5a38284

Time (s): cpu = 00:00:40 ; elapsed = 00:00:33 . Memory (MB): peak = 1133.617 ; gain = 145.254

Phase 8 Route finalize

Router Utilization Summary
  Global Vertical Routing Utilization    = 0.697828 %
  Global Horizontal Routing Utilization  = 0.761225 %
  Routable Net Status*
  *Does not include unroutable nets such as driverless and loadless.
  Run report_route_status for detailed report.
  Number of Failed Nets               = 0
  Number of Unrouted Nets             = 0
  Number of Partially Routed Nets     = 0
  Number of Node Overlaps             = 0

Phase 8 Route finalize | Checksum: a5a38284

Time (s): cpu = 00:00:40 ; elapsed = 00:00:33 . Memory (MB): peak = 1133.617 ; gain = 145.254

Phase 9 Verifying routed nets

 Verification completed successfully
Phase 9 Verifying routed nets | Checksum: a5a38284

Time (s): cpu = 00:00:40 ; elapsed = 00:00:33 . Memory (MB): peak = 1133.617 ; gain = 145.254

Phase 10 Depositing Routes
Phase 10 Depositing Routes | Checksum: 123eb85a9

Time (s): cpu = 00:00:40 ; elapsed = 00:00:33 . Memory (MB): peak = 1133.617 ; gain = 145.254

Phase 11 Post Router Timing
INFO: [Route 35-57] Estimated Timing Summary | WNS=1.55   | TNS=0      | WHS=0.1    | THS=0      |

INFO: [Route 35-327] The final timing numbers are based on the router estimated timing analysis. For a complete and accurate timing signoff, please run report_timing_summary.
Phase 11 Post Router Timing | Checksum: 123eb85a9

Time (s): cpu = 00:00:40 ; elapsed = 00:00:33 . Memory (MB): peak = 1133.617 ; gain = 145.254
INFO: [Route 35-16] Router Completed Successfully
Ending Route Task | Checksum: 123eb85a9

Time (s): cpu = 00:00:00 ; elapsed = 00:00:33 . Memory (MB): peak = 1133.617 ; gain = 145.254

Routing Is Done.

Time (s): cpu = 00:00:00 ; elapsed = 00:00:33 . Memory (MB): peak = 1133.617 ; gain = 145.254
INFO: [Common 17-83] Releasing license: Implementation
49 Infos, 3 Warnings, 0 Critical Warnings and 0 Errors encountered.
route_design completed successfully
route_design: Time (s): cpu = 00:00:41 ; elapsed = 00:00:34 . Memory (MB): peak = 1133.617 ; gain = 145.254
Writing XDEF routing.
Writing XDEF routing logical nets.
Writing XDEF routing special nets.
Write XDEF Complete: Time (s): cpu = 00:00:01 ; elapsed = 00:00:00.585 . Memory (MB): peak = 1133.617 ; gain = 0.000
INFO: [Drc 23-27] Running DRC with 2 threads
INFO: [Coretcl 2-168] The results of DRC are in file C:/Users/3502859/TP/TP3.runs/impl_1/TP2_wrapper_drc_routed.rpt.
INFO: [Timing 38-91] UpdateTimingParams: Speed grade: -1, Delay Type: min_max, Constraints type: SDC.
INFO: [Timing 38-191] Multithreading enabled for timing update using a maximum of 2 CPUs
WARNING: [Power 33-249] Failed to set toggle rate on a clock net Ext_JTAG_UPDATE__0. Acceptable value is 200.
WARNING: [Power 33-249] Failed to set toggle rate on a clock net Ext_JTAG_UPDATE. Acceptable value is 200.
Running Vector-less Activity Propagation...

Finished Running Vector-less Activity Propagation
INFO: [Common 17-206] Exiting Vivado at Mon Feb 27 11:05:00 2017...

*** Running vivado
    with args -log TP2_wrapper.vdi -applog -m64 -messageDb vivado.pb -mode batch -source TP2_wrapper.tcl -notrace


****** Vivado v2014.2 (64-bit)
  **** SW Build 932637 on Wed Jun 11 13:33:10 MDT 2014
  **** IP Build 924643 on Fri May 30 09:20:16 MDT 2014
    ** Copyright 1986-2014 Xilinx, Inc. All Rights Reserved.

source TP2_wrapper.tcl -notrace
Command: open_checkpoint TP2_wrapper_routed.dcp
INFO: [Netlist 29-17] Analyzing 181 Unisim elements for replacement
INFO: [Netlist 29-28] Unisim Transformation completed in 0 CPU seconds
INFO: [Project 1-479] Netlist was created with Vivado 2014.2
Loading clock regions from C:/Xilinx/Vivado/2014.2/data\parts/xilinx/artix7/artix7/xc7a100t/ClockRegion.xml
Loading clock buffers from C:/Xilinx/Vivado/2014.2/data\parts/xilinx/artix7/artix7/xc7a100t/ClockBuffers.xml
Loading clock placement rules from C:/Xilinx/Vivado/2014.2/data/parts/xilinx/artix7/ClockPlacerRules.xml
Loading package pin functions from C:/Xilinx/Vivado/2014.2/data\parts/xilinx/artix7/PinFunctions.xml...
Loading package from C:/Xilinx/Vivado/2014.2/data\parts/xilinx/artix7/artix7/xc7a100t/csg324/Package.xml
Loading io standards from C:/Xilinx/Vivado/2014.2/data\./parts/xilinx/artix7/IOStandards.xml
Loading device configuration modes from C:/Xilinx/Vivado/2014.2/data\parts/xilinx/artix7/ConfigModes.xml
Parsing XDC File [C:/Users/3502859/TP/TP3.runs/impl_1/.Xil/Vivado-9028-S228-01/dcp/TP2_wrapper_early.xdc]
INFO: [Timing 38-35] Done setting XDC timing constraints. [C:/Users/3502859/TP/TP3.srcs/sources_1/bd/TP2/ip/TP2_mdm_1_0/TP2_mdm_1_0.xdc:50]
get_clocks: Time (s): cpu = 00:00:11 ; elapsed = 00:00:11 . Memory (MB): peak = 897.758 ; gain = 417.926
INFO: [Timing 38-2] Deriving generated clocks [C:/Users/3502859/TP/TP3.srcs/sources_1/bd/TP2/ip/TP2_clk_wiz_1_0/TP2_clk_wiz_1_0.xdc:56]
Finished Parsing XDC File [C:/Users/3502859/TP/TP3.runs/impl_1/.Xil/Vivado-9028-S228-01/dcp/TP2_wrapper_early.xdc]
Parsing XDC File [C:/Users/3502859/TP/TP3.runs/impl_1/.Xil/Vivado-9028-S228-01/dcp/TP2_wrapper.xdc]
Finished Parsing XDC File [C:/Users/3502859/TP/TP3.runs/impl_1/.Xil/Vivado-9028-S228-01/dcp/TP2_wrapper.xdc]
Parsing XDC File [C:/Users/3502859/TP/TP3.runs/impl_1/.Xil/Vivado-9028-S228-01/dcp/TP2_wrapper_late.xdc]
Finished Parsing XDC File [C:/Users/3502859/TP/TP3.runs/impl_1/.Xil/Vivado-9028-S228-01/dcp/TP2_wrapper_late.xdc]
Reading XDEF placement.
Reading XDEF routing.
Read XDEF File: Time (s): cpu = 00:00:01 ; elapsed = 00:00:00.326 . Memory (MB): peak = 897.758 ; gain = 0.000
Restoring placement.
Restored 760 out of 760 XDEF sites from archive | CPU: 1.000000 secs | Memory: 0.000000 MB |
INFO: [Opt 31-138] Pushed 0 inverter(s) to 0 load pin(s).

INFO: [Project 1-111] Unisim Transformation Summary:
  A total of 127 instances were transformed.
  LUT6_2 => LUT6_2 (LUT5, LUT6): 79 instances
  RAM16X1D => RAM32X1D (RAMD32, RAMD32): 32 instances
  RAM32M => RAM32M (RAMD32, RAMD32, RAMD32, RAMD32, RAMD32, RAMD32, RAMS32, RAMS32): 16 instances

INFO: [Project 1-484] Checkpoint was created with build 932637
open_checkpoint: Time (s): cpu = 00:00:16 ; elapsed = 00:00:17 . Memory (MB): peak = 900.863 ; gain = 724.238

Attempting to get a license for feature 'Implementation' and/or device 'xc7a100t'
INFO: [Common 17-349] Got license for feature 'Implementation' and/or device 'xc7a100t'
Running DRC as a precondition to command write_bitstream
INFO: [Drc 23-27] Running DRC with 2 threads
INFO: [Vivado 12-3199] DRC finished with 0 Errors, 1 Warnings
INFO: [Vivado 12-3200] Please refer to the DRC report (report_drc) for more information.
INFO: [Memdata 28-144] Successfully populated the BRAM INIT strings from the following elf files: c:/Users/3502859/TP/TP3.srcs/sources_1/ipshared/xilinx.com/microblaze_v9_3/62751c34/data/mb_bootloop_le.elf 

Loading data files...
Loading site data...
Loading route data...
Processing options...
Creating bitmap...
Creating bitstream...
Writing bitstream ./TP2_wrapper.bit...
INFO: [Vivado 12-1842] Bitgen Completed Successfully.
INFO: [Project 1-118] WebTalk data collection is enabled (User setting is ON. Install Setting is ON.).
INFO: [Common 17-186] 'C:/Users/3502859/TP/TP3.runs/impl_1/usage_statistics_webtalk.xml' has been successfully sent to Xilinx on Mon Feb 27 11:14:50 2017. For additional details about this file, please refer to the WebTalk help file at C:/Xilinx/Vivado/2014.2/doc/webtalk_introduction.html.
INFO: [Common 17-83] Releasing license: Implementation
write_bitstream: Time (s): cpu = 00:00:27 ; elapsed = 00:00:29 . Memory (MB): peak = 1258.613 ; gain = 357.750
INFO: [Common 17-206] Exiting Vivado at Mon Feb 27 11:14:50 2017...
